<?xml version="1.0" encoding="UTF-8"?>
<!-- Generated by org.testng.reporters.JUnitReportReporter -->
<testsuite hostname="DESKTOP-RECRUSN" failures="0" tests="1" name="example.com.Alert" time="5.295" errors="0" timestamp="2022-05-03T22:08:20 IST" skipped="0">
  <testcase classname="example.com.Alert" name="AlertBox" time="5.295"/>
  <system-out/>
</testsuite> <!-- example.com.Alert -->
