<?xml version="1.0" encoding="UTF-8"?>
<!-- Generated by org.testng.reporters.JUnitReportReporter -->
<testsuite hostname="DESKTOP-RECRUSN" failures="0" tests="3" name="DataProvider.DataProviderString" time="0.012" errors="0" timestamp="2022-04-21T14:34:51 IST" skipped="0">
  <testcase classname="DataProvider.DataProviderString" name="Testlogin" time="0.002"/>
  <system-out/>
  <testcase classname="DataProvider.DataProviderString" name="Testlogin" time="0.001"/>
  <system-out/>
  <testcase classname="DataProvider.DataProviderString" name="Testlogin" time="0.009"/>
  <system-out/>
</testsuite> <!-- DataProvider.DataProviderString -->
