<?xml version="1.0" encoding="UTF-8"?>
<!-- Generated by org.testng.reporters.JUnitReportReporter -->
<testsuite hostname="DESKTOP-RECRUSN" failures="0" tests="1" name="example.com.Ex1" time="7.153" errors="0" timestamp="2022-03-19T12:28:09 IST" skipped="0">
  <testcase classname="example.com.Ex1" name="OpenBrowser" time="7.153"/>
  <system-out/>
</testsuite> <!-- example.com.Ex1 -->
