<?xml version="1.0" encoding="UTF-8"?>
<!-- Generated by org.testng.reporters.JUnitReportReporter -->
<testsuite hostname="DESKTOP-RECRUSN" failures="0" tests="1" name="com.pdf.reader.PDFReader" time="2.303" errors="0" timestamp="2022-05-03T22:08:20 IST" skipped="0">
  <testcase classname="com.pdf.reader.PDFReader" name="ReadPDFFile" time="2.303"/>
  <system-out/>
</testsuite> <!-- com.pdf.reader.PDFReader -->
