<?xml version="1.0" encoding="UTF-8"?>
<!-- Generated by org.testng.reporters.JUnitReportReporter -->
<testsuite hostname="DESKTOP-RECRUSN" failures="0" tests="3" name="DataProvider.DataProviderTwoDimensionalArray" time="6.401" errors="0" timestamp="2022-04-21T16:45:15 IST" skipped="0">
  <testcase classname="DataProvider.DataProviderTwoDimensionalArray" name="Testlogin" time="1.719"/>
  <system-out/>
  <testcase classname="DataProvider.DataProviderTwoDimensionalArray" name="Testlogin" time="1.658"/>
  <system-out/>
  <testcase classname="DataProvider.DataProviderTwoDimensionalArray" name="Testlogin" time="3.024"/>
  <system-out/>
</testsuite> <!-- DataProvider.DataProviderTwoDimensionalArray -->
