<?xml version="1.0" encoding="UTF-8"?>
<!-- Generated by org.testng.reporters.JUnitReportReporter -->
<testsuite hostname="DESKTOP-RECRUSN" failures="0" tests="4" name="DataProvider.DataProviderObjectNewFormat" time="0.016" errors="0" timestamp="2022-04-25T13:53:53 IST" skipped="0">
  <testcase classname="DataProvider.DataProviderObjectNewFormat" name="Testlogin" time="0.002"/>
  <system-out/>
  <testcase classname="DataProvider.DataProviderObjectNewFormat" name="Testlogin" time="0.002"/>
  <system-out/>
  <testcase classname="DataProvider.DataProviderObjectNewFormat" name="Testlogin" time="0.011"/>
  <system-out/>
  <testcase classname="DataProvider.DataProviderObjectNewFormat" name="Testlogin" time="0.001"/>
  <system-out/>
</testsuite> <!-- DataProvider.DataProviderObjectNewFormat -->
