<?xml version="1.0" encoding="UTF-8"?>
<!-- Generated by org.testng.reporters.JUnitReportReporter -->
<testsuite hostname="DESKTOP-RECRUSN" failures="0" tests="4" name="DataProvider.DataProviderInteger" time="0.006" errors="0" timestamp="2022-05-03T22:08:20 IST" skipped="0">
  <testcase classname="DataProvider.DataProviderInteger" name="Testlogin" time="0.001"/>
  <system-out/>
  <testcase classname="DataProvider.DataProviderInteger" name="Testlogin" time="0.001"/>
  <system-out/>
  <testcase classname="DataProvider.DataProviderInteger" name="Testlogin" time="0.001"/>
  <system-out/>
  <testcase classname="DataProvider.DataProviderInteger" name="Testlogin" time="0.003"/>
  <system-out/>
</testsuite> <!-- DataProvider.DataProviderInteger -->
